<?xml version="1.0" encoding="UTF-8"?>
<!-- Generated by org.testng.reporters.JUnitXMLReporter -->
<testsuite ignored="0" hostname="Devansh" failures="0" tests="4" name="Default test" time="424.511" errors="0" timestamp="2023-06-07T22:22:16 IST">
  <testcase classname="test.TestCases" name="testDisplayTopCities" time="6.887"/>
  <testcase classname="test.TestCases" name="testDisplayHospitalsWithoutParking" time="59.802"/>
  <testcase classname="test.TestCases" name="testHospitalsWithoutParking" time="59.631"/>
  <testcase classname="test.TestCases" name="testHospitalsWithParking" time="293.67"/>
</testsuite> <!-- Default test -->
