<?xml version="1.0" encoding="UTF-8"?>
<testng-results ignored="0" total="4" passed="4" failed="0" skipped="0">
  <reporter-output>
  </reporter-output>
  <suite started-at="2023-06-07T22:15:11 IST" name="Default suite" finished-at="2023-06-07T22:22:16 IST" duration-ms="424511">
    <groups>
    </groups>
    <test started-at="2023-06-07T22:15:11 IST" name="Default test" finished-at="2023-06-07T22:22:16 IST" duration-ms="424511">
      <class name="test.TestCases">
        <test-method is-config="true" signature="setUp()[pri:0, instance:test.TestCases@60015ef5]" started-at="2023-06-07T22:15:11 IST" name="setUp" finished-at="2023-06-07T22:15:13 IST" duration-ms="1994" status="PASS">
          <reporter-output>
          </reporter-output>
        </test-method> <!-- setUp -->
        <test-method signature="testDisplayTopCities()[pri:1, instance:test.TestCases@60015ef5]" started-at="2023-06-07T22:15:13 IST" name="testDisplayTopCities" finished-at="2023-06-07T22:15:20 IST" duration-ms="6887" status="PASS">
          <reporter-output>
          </reporter-output>
        </test-method> <!-- testDisplayTopCities -->
        <test-method is-config="true" signature="setUp()[pri:0, instance:test.TestCases@60015ef5]" started-at="2023-06-07T22:15:20 IST" name="setUp" finished-at="2023-06-07T22:15:21 IST" duration-ms="836" status="PASS">
          <reporter-output>
          </reporter-output>
        </test-method> <!-- setUp -->
        <test-method is-config="true" signature="tearDown()[pri:0, instance:test.TestCases@60015ef5]" started-at="2023-06-07T22:15:20 IST" name="tearDown" finished-at="2023-06-07T22:15:20 IST" duration-ms="0" status="PASS">
          <reporter-output>
          </reporter-output>
        </test-method> <!-- tearDown -->
        <test-method signature="testDisplayHospitalsWithoutParking()[pri:2, instance:test.TestCases@60015ef5]" started-at="2023-06-07T22:15:21 IST" name="testDisplayHospitalsWithoutParking" finished-at="2023-06-07T22:16:21 IST" duration-ms="59802" status="PASS">
          <reporter-output>
          </reporter-output>
        </test-method> <!-- testDisplayHospitalsWithoutParking -->
        <test-method is-config="true" signature="tearDown()[pri:0, instance:test.TestCases@60015ef5]" started-at="2023-06-07T22:16:21 IST" name="tearDown" finished-at="2023-06-07T22:16:21 IST" duration-ms="0" status="PASS">
          <reporter-output>
          </reporter-output>
        </test-method> <!-- tearDown -->
        <test-method is-config="true" signature="setUp()[pri:0, instance:test.TestCases@60015ef5]" started-at="2023-06-07T22:16:21 IST" name="setUp" finished-at="2023-06-07T22:16:22 IST" duration-ms="815" status="PASS">
          <reporter-output>
          </reporter-output>
        </test-method> <!-- setUp -->
        <test-method signature="testHospitalsWithoutParking()[pri:3, instance:test.TestCases@60015ef5]" started-at="2023-06-07T22:16:22 IST" name="testHospitalsWithoutParking" finished-at="2023-06-07T22:17:21 IST" duration-ms="59631" status="PASS">
          <reporter-output>
          </reporter-output>
        </test-method> <!-- testHospitalsWithoutParking -->
        <test-method is-config="true" signature="setUp()[pri:0, instance:test.TestCases@60015ef5]" started-at="2023-06-07T22:17:21 IST" name="setUp" finished-at="2023-06-07T22:17:22 IST" duration-ms="855" status="PASS">
          <reporter-output>
          </reporter-output>
        </test-method> <!-- setUp -->
        <test-method is-config="true" signature="tearDown()[pri:0, instance:test.TestCases@60015ef5]" started-at="2023-06-07T22:17:21 IST" name="tearDown" finished-at="2023-06-07T22:17:21 IST" duration-ms="0" status="PASS">
          <reporter-output>
          </reporter-output>
        </test-method> <!-- tearDown -->
        <test-method signature="testHospitalsWithParking()[pri:4, instance:test.TestCases@60015ef5]" started-at="2023-06-07T22:17:22 IST" name="testHospitalsWithParking" finished-at="2023-06-07T22:22:16 IST" duration-ms="293670" status="PASS">
          <reporter-output>
          </reporter-output>
        </test-method> <!-- testHospitalsWithParking -->
        <test-method is-config="true" signature="tearDown()[pri:0, instance:test.TestCases@60015ef5]" started-at="2023-06-07T22:22:16 IST" name="tearDown" finished-at="2023-06-07T22:22:16 IST" duration-ms="0" status="PASS">
          <reporter-output>
          </reporter-output>
        </test-method> <!-- tearDown -->
      </class> <!-- test.TestCases -->
    </test> <!-- Default test -->
  </suite> <!-- Default suite -->
</testng-results>
